<?xml version="1.0" encoding="UTF-8"?>
<!-- Generated by org.testng.reporters.JUnitReportReporter -->
<testsuite hostname="DESKTOP-U09UDJ5" failures="0" tests="1" name="testcases.LoginPageTest" time="0.409" errors="0" timestamp="2025-04-26T21:06:42 IST" skipped="0">
  <testcase classname="testcases.LoginPageTest" name="verifyLogin" time="0.409"/>
</testsuite> <!-- testcases.LoginPageTest -->
